{"/home/ceifeirocv/chuva/to_do_api/config/database.js": {"path":"/home/ceifeirocv/chuva/to_do_api/config/database.js","all":false,"statementMap":{"0":{"start":{"line":1,"column":0},"end":{"line":1,"column":21}},"1":{"start":{"line":2,"column":0},"end":{"line":2,"column":33}},"2":{"start":{"line":3,"column":0},"end":{"line":3,"column":0}},"3":{"start":{"line":4,"column":0},"end":{"line":4,"column":16}},"4":{"start":{"line":5,"column":0},"end":{"line":5,"column":0}},"5":{"start":{"line":6,"column":0},"end":{"line":6,"column":0}},"6":{"start":{"line":7,"column":0},"end":{"line":7,"column":19}},"7":{"start":{"line":8,"column":0},"end":{"line":8,"column":0}},"8":{"start":{"line":9,"column":0},"end":{"line":9,"column":23}},"9":{"start":{"line":10,"column":0},"end":{"line":10,"column":38}},"10":{"start":{"line":11,"column":0},"end":{"line":11,"column":3}},"11":{"start":{"line":12,"column":0},"end":{"line":12,"column":0}},"12":{"start":{"line":13,"column":0},"end":{"line":13,"column":20}}},"s":{"0":2,"1":2,"2":2,"3":2,"4":2,"5":2,"6":2,"7":2,"8":2,"9":2,"10":2,"11":2,"12":2},"branchMap":{"0":{"type":"branch","line":1,"loc":{"start":{"line":1,"column":0},"end":{"line":13,"column":20}},"locations":[{"start":{"line":1,"column":0},"end":{"line":13,"column":20}}]}},"b":{"0":[2]},"fnMap":{},"f":{}}
,"/home/ceifeirocv/chuva/to_do_api/controllers/TodoController.js": {"path":"/home/ceifeirocv/chuva/to_do_api/controllers/TodoController.js","all":false,"statementMap":{"0":{"start":{"line":1,"column":0},"end":{"line":1,"column":37}},"1":{"start":{"line":2,"column":0},"end":{"line":2,"column":0}},"2":{"start":{"line":3,"column":0},"end":{"line":3,"column":19}},"3":{"start":{"line":4,"column":0},"end":{"line":4,"column":0}},"4":{"start":{"line":5,"column":0},"end":{"line":5,"column":0}},"5":{"start":{"line":6,"column":0},"end":{"line":6,"column":43}},"6":{"start":{"line":7,"column":0},"end":{"line":7,"column":36}},"7":{"start":{"line":8,"column":0},"end":{"line":8,"column":20}},"8":{"start":{"line":9,"column":0},"end":{"line":9,"column":65}},"9":{"start":{"line":10,"column":0},"end":{"line":10,"column":11}},"10":{"start":{"line":11,"column":0},"end":{"line":11,"column":3}},"11":{"start":{"line":12,"column":0},"end":{"line":12,"column":30}},"12":{"start":{"line":13,"column":0},"end":{"line":13,"column":1}},"13":{"start":{"line":14,"column":0},"end":{"line":14,"column":0}},"14":{"start":{"line":15,"column":0},"end":{"line":15,"column":41}},"15":{"start":{"line":16,"column":0},"end":{"line":16,"column":27}},"16":{"start":{"line":17,"column":0},"end":{"line":17,"column":21}},"17":{"start":{"line":18,"column":0},"end":{"line":18,"column":62}},"18":{"start":{"line":19,"column":0},"end":{"line":19,"column":11}},"19":{"start":{"line":20,"column":0},"end":{"line":20,"column":4}},"20":{"start":{"line":21,"column":0},"end":{"line":21,"column":37}},"21":{"start":{"line":22,"column":0},"end":{"line":22,"column":14}},"22":{"start":{"line":23,"column":0},"end":{"line":23,"column":78}},"23":{"start":{"line":24,"column":0},"end":{"line":24,"column":11}},"24":{"start":{"line":25,"column":0},"end":{"line":25,"column":3}},"25":{"start":{"line":26,"column":0},"end":{"line":26,"column":19}},"26":{"start":{"line":27,"column":0},"end":{"line":27,"column":65}},"27":{"start":{"line":28,"column":0},"end":{"line":28,"column":11}},"28":{"start":{"line":29,"column":0},"end":{"line":29,"column":3}},"29":{"start":{"line":30,"column":0},"end":{"line":30,"column":29}},"30":{"start":{"line":31,"column":0},"end":{"line":31,"column":1}},"31":{"start":{"line":32,"column":0},"end":{"line":32,"column":0}},"32":{"start":{"line":33,"column":0},"end":{"line":33,"column":44}},"33":{"start":{"line":34,"column":0},"end":{"line":34,"column":27}},"34":{"start":{"line":35,"column":0},"end":{"line":35,"column":21}},"35":{"start":{"line":36,"column":0},"end":{"line":36,"column":62}},"36":{"start":{"line":37,"column":0},"end":{"line":37,"column":11}},"37":{"start":{"line":38,"column":0},"end":{"line":38,"column":4}},"38":{"start":{"line":39,"column":0},"end":{"line":39,"column":37}},"39":{"start":{"line":40,"column":0},"end":{"line":40,"column":14}},"40":{"start":{"line":41,"column":0},"end":{"line":41,"column":78}},"41":{"start":{"line":42,"column":0},"end":{"line":42,"column":11}},"42":{"start":{"line":43,"column":0},"end":{"line":43,"column":3}},"43":{"start":{"line":44,"column":0},"end":{"line":44,"column":19}},"44":{"start":{"line":45,"column":0},"end":{"line":45,"column":65}},"45":{"start":{"line":46,"column":0},"end":{"line":46,"column":11}},"46":{"start":{"line":47,"column":0},"end":{"line":47,"column":3}},"47":{"start":{"line":48,"column":0},"end":{"line":48,"column":24}},"48":{"start":{"line":49,"column":0},"end":{"line":49,"column":46}},"49":{"start":{"line":50,"column":0},"end":{"line":50,"column":16}},"50":{"start":{"line":51,"column":0},"end":{"line":51,"column":5}},"51":{"start":{"line":52,"column":0},"end":{"line":52,"column":1}},"52":{"start":{"line":53,"column":0},"end":{"line":53,"column":0}},"53":{"start":{"line":54,"column":0},"end":{"line":54,"column":44}},"54":{"start":{"line":55,"column":0},"end":{"line":55,"column":18}},"55":{"start":{"line":56,"column":0},"end":{"line":56,"column":65}},"56":{"start":{"line":57,"column":0},"end":{"line":57,"column":11}},"57":{"start":{"line":58,"column":0},"end":{"line":58,"column":3}},"58":{"start":{"line":59,"column":0},"end":{"line":59,"column":27}},"59":{"start":{"line":60,"column":0},"end":{"line":60,"column":21}},"60":{"start":{"line":61,"column":0},"end":{"line":61,"column":62}},"61":{"start":{"line":62,"column":0},"end":{"line":62,"column":11}},"62":{"start":{"line":63,"column":0},"end":{"line":63,"column":4}},"63":{"start":{"line":64,"column":0},"end":{"line":64,"column":53}},"64":{"start":{"line":65,"column":0},"end":{"line":65,"column":2}},"65":{"start":{"line":66,"column":0},"end":{"line":66,"column":37}},"66":{"start":{"line":67,"column":0},"end":{"line":67,"column":14}},"67":{"start":{"line":68,"column":0},"end":{"line":68,"column":78}},"68":{"start":{"line":69,"column":0},"end":{"line":69,"column":11}},"69":{"start":{"line":70,"column":0},"end":{"line":70,"column":3}},"70":{"start":{"line":71,"column":0},"end":{"line":71,"column":19}},"71":{"start":{"line":72,"column":0},"end":{"line":72,"column":65}},"72":{"start":{"line":73,"column":0},"end":{"line":73,"column":10}},"73":{"start":{"line":74,"column":0},"end":{"line":74,"column":3}},"74":{"start":{"line":75,"column":0},"end":{"line":75,"column":0}},"75":{"start":{"line":76,"column":0},"end":{"line":76,"column":14}},"76":{"start":{"line":77,"column":0},"end":{"line":77,"column":25}},"77":{"start":{"line":78,"column":0},"end":{"line":78,"column":48}},"78":{"start":{"line":79,"column":0},"end":{"line":79,"column":82}},"79":{"start":{"line":80,"column":0},"end":{"line":80,"column":13}},"80":{"start":{"line":81,"column":0},"end":{"line":81,"column":5}},"81":{"start":{"line":82,"column":0},"end":{"line":82,"column":23}},"82":{"start":{"line":83,"column":0},"end":{"line":83,"column":3}},"83":{"start":{"line":84,"column":0},"end":{"line":84,"column":20}},"84":{"start":{"line":85,"column":0},"end":{"line":85,"column":37}},"85":{"start":{"line":86,"column":0},"end":{"line":86,"column":62}},"86":{"start":{"line":87,"column":0},"end":{"line":87,"column":90}},"87":{"start":{"line":88,"column":0},"end":{"line":88,"column":13}},"88":{"start":{"line":89,"column":0},"end":{"line":89,"column":5}},"89":{"start":{"line":90,"column":0},"end":{"line":90,"column":35}},"90":{"start":{"line":91,"column":0},"end":{"line":91,"column":3}},"91":{"start":{"line":92,"column":0},"end":{"line":92,"column":0}},"92":{"start":{"line":93,"column":0},"end":{"line":93,"column":34}},"93":{"start":{"line":94,"column":0},"end":{"line":94,"column":42}},"94":{"start":{"line":95,"column":0},"end":{"line":95,"column":74}},"95":{"start":{"line":96,"column":0},"end":{"line":96,"column":13}},"96":{"start":{"line":97,"column":0},"end":{"line":97,"column":5}},"97":{"start":{"line":98,"column":0},"end":{"line":98,"column":35}},"98":{"start":{"line":99,"column":0},"end":{"line":99,"column":3}},"99":{"start":{"line":100,"column":0},"end":{"line":100,"column":0}},"100":{"start":{"line":101,"column":0},"end":{"line":101,"column":50}},"101":{"start":{"line":102,"column":0},"end":{"line":102,"column":26}},"102":{"start":{"line":103,"column":0},"end":{"line":103,"column":65}},"103":{"start":{"line":104,"column":0},"end":{"line":104,"column":11}},"104":{"start":{"line":105,"column":0},"end":{"line":105,"column":3}},"105":{"start":{"line":106,"column":0},"end":{"line":106,"column":24}},"106":{"start":{"line":107,"column":0},"end":{"line":107,"column":38}},"107":{"start":{"line":108,"column":0},"end":{"line":108,"column":24}},"108":{"start":{"line":109,"column":0},"end":{"line":109,"column":5}},"109":{"start":{"line":110,"column":0},"end":{"line":110,"column":1}},"110":{"start":{"line":111,"column":0},"end":{"line":111,"column":0}},"111":{"start":{"line":112,"column":0},"end":{"line":112,"column":44}},"112":{"start":{"line":113,"column":0},"end":{"line":113,"column":18}},"113":{"start":{"line":114,"column":0},"end":{"line":114,"column":65}},"114":{"start":{"line":115,"column":0},"end":{"line":115,"column":11}},"115":{"start":{"line":116,"column":0},"end":{"line":116,"column":3}},"116":{"start":{"line":117,"column":0},"end":{"line":117,"column":40}},"117":{"start":{"line":118,"column":0},"end":{"line":118,"column":0}},"118":{"start":{"line":119,"column":0},"end":{"line":119,"column":14}},"119":{"start":{"line":120,"column":0},"end":{"line":120,"column":25}},"120":{"start":{"line":121,"column":0},"end":{"line":121,"column":48}},"121":{"start":{"line":122,"column":0},"end":{"line":122,"column":82}},"122":{"start":{"line":123,"column":0},"end":{"line":123,"column":13}},"123":{"start":{"line":124,"column":0},"end":{"line":124,"column":5}},"124":{"start":{"line":125,"column":0},"end":{"line":125,"column":10}},"125":{"start":{"line":126,"column":0},"end":{"line":126,"column":59}},"126":{"start":{"line":127,"column":0},"end":{"line":127,"column":11}},"127":{"start":{"line":128,"column":0},"end":{"line":128,"column":3}},"128":{"start":{"line":129,"column":0},"end":{"line":129,"column":0}},"129":{"start":{"line":130,"column":0},"end":{"line":130,"column":20}},"130":{"start":{"line":131,"column":0},"end":{"line":131,"column":37}},"131":{"start":{"line":132,"column":0},"end":{"line":132,"column":62}},"132":{"start":{"line":133,"column":0},"end":{"line":133,"column":90}},"133":{"start":{"line":134,"column":0},"end":{"line":134,"column":13}},"134":{"start":{"line":135,"column":0},"end":{"line":135,"column":5}},"135":{"start":{"line":136,"column":0},"end":{"line":136,"column":10}},"136":{"start":{"line":137,"column":0},"end":{"line":137,"column":65}},"137":{"start":{"line":138,"column":0},"end":{"line":138,"column":11}},"138":{"start":{"line":139,"column":0},"end":{"line":139,"column":3}},"139":{"start":{"line":140,"column":0},"end":{"line":140,"column":53}},"140":{"start":{"line":141,"column":0},"end":{"line":141,"column":19}},"141":{"start":{"line":142,"column":0},"end":{"line":142,"column":65}},"142":{"start":{"line":143,"column":0},"end":{"line":143,"column":10}},"143":{"start":{"line":144,"column":0},"end":{"line":144,"column":3}},"144":{"start":{"line":145,"column":0},"end":{"line":145,"column":24}},"145":{"start":{"line":146,"column":0},"end":{"line":146,"column":47}},"146":{"start":{"line":147,"column":0},"end":{"line":147,"column":16}},"147":{"start":{"line":148,"column":0},"end":{"line":148,"column":5}},"148":{"start":{"line":149,"column":0},"end":{"line":149,"column":1}}},"s":{"0":1,"1":1,"2":1,"3":1,"4":1,"5":1,"6":2,"7":2,"8":0,"9":0,"10":0,"11":2,"12":2,"13":1,"14":1,"15":4,"16":4,"17":2,"18":2,"19":2,"20":2,"21":4,"22":1,"23":1,"24":1,"25":4,"26":0,"27":0,"28":0,"29":1,"30":4,"31":1,"32":1,"33":5,"34":5,"35":3,"36":3,"37":5,"38":2,"39":5,"40":1,"41":1,"42":1,"43":5,"44":0,"45":0,"46":0,"47":1,"48":1,"49":1,"50":1,"51":5,"52":1,"53":1,"54":11,"55":1,"56":1,"57":1,"58":10,"59":11,"60":1,"61":1,"62":11,"63":9,"64":9,"65":9,"66":11,"67":1,"68":1,"69":1,"70":11,"71":0,"72":0,"73":0,"74":8,"75":8,"76":8,"77":8,"78":2,"79":2,"80":2,"81":6,"82":6,"83":6,"84":6,"85":6,"86":2,"87":2,"88":2,"89":4,"90":4,"91":4,"92":11,"93":3,"94":2,"95":2,"96":2,"97":1,"98":1,"99":2,"100":2,"101":11,"102":0,"103":0,"104":0,"105":2,"106":2,"107":2,"108":2,"109":11,"110":1,"111":1,"112":9,"113":1,"114":1,"115":1,"116":8,"117":8,"118":9,"119":7,"120":7,"121":2,"122":2,"123":2,"124":9,"125":1,"126":1,"127":1,"128":5,"129":9,"130":4,"131":4,"132":2,"133":2,"134":2,"135":9,"136":1,"137":1,"138":1,"139":2,"140":9,"141":0,"142":0,"143":0,"144":2,"145":2,"146":2,"147":2,"148":9},"branchMap":{"0":{"type":"branch","line":1,"loc":{"start":{"line":1,"column":0},"end":{"line":149,"column":1}},"locations":[{"start":{"line":1,"column":0},"end":{"line":149,"column":1}}]},"1":{"type":"branch","line":6,"loc":{"start":{"line":6,"column":7},"end":{"line":13,"column":1}},"locations":[{"start":{"line":6,"column":7},"end":{"line":13,"column":1}}]},"2":{"type":"branch","line":8,"loc":{"start":{"line":8,"column":19},"end":{"line":11,"column":3}},"locations":[{"start":{"line":8,"column":19},"end":{"line":11,"column":3}}]},"3":{"type":"branch","line":15,"loc":{"start":{"line":15,"column":7},"end":{"line":31,"column":1}},"locations":[{"start":{"line":15,"column":7},"end":{"line":31,"column":1}}]},"4":{"type":"branch","line":17,"loc":{"start":{"line":17,"column":20},"end":{"line":22,"column":13}},"locations":[{"start":{"line":17,"column":20},"end":{"line":22,"column":13}}]},"5":{"type":"branch","line":22,"loc":{"start":{"line":22,"column":13},"end":{"line":26,"column":18}},"locations":[{"start":{"line":22,"column":13},"end":{"line":26,"column":18}}]},"6":{"type":"branch","line":26,"loc":{"start":{"line":26,"column":18},"end":{"line":29,"column":3}},"locations":[{"start":{"line":26,"column":18},"end":{"line":29,"column":3}}]},"7":{"type":"branch","line":30,"loc":{"start":{"line":30,"column":-1},"end":{"line":31,"column":0}},"locations":[{"start":{"line":30,"column":-1},"end":{"line":31,"column":0}}]},"8":{"type":"branch","line":33,"loc":{"start":{"line":33,"column":7},"end":{"line":52,"column":1}},"locations":[{"start":{"line":33,"column":7},"end":{"line":52,"column":1}}]},"9":{"type":"branch","line":35,"loc":{"start":{"line":35,"column":20},"end":{"line":38,"column":3}},"locations":[{"start":{"line":35,"column":20},"end":{"line":38,"column":3}}]},"10":{"type":"branch","line":38,"loc":{"start":{"line":38,"column":3},"end":{"line":40,"column":13}},"locations":[{"start":{"line":38,"column":3},"end":{"line":40,"column":13}}]},"11":{"type":"branch","line":40,"loc":{"start":{"line":40,"column":13},"end":{"line":44,"column":18}},"locations":[{"start":{"line":40,"column":13},"end":{"line":44,"column":18}}]},"12":{"type":"branch","line":44,"loc":{"start":{"line":44,"column":18},"end":{"line":47,"column":3}},"locations":[{"start":{"line":44,"column":18},"end":{"line":47,"column":3}}]},"13":{"type":"branch","line":48,"loc":{"start":{"line":48,"column":-1},"end":{"line":52,"column":0}},"locations":[{"start":{"line":48,"column":-1},"end":{"line":52,"column":0}}]},"14":{"type":"branch","line":54,"loc":{"start":{"line":54,"column":7},"end":{"line":110,"column":1}},"locations":[{"start":{"line":54,"column":7},"end":{"line":110,"column":1}}]},"15":{"type":"branch","line":55,"loc":{"start":{"line":55,"column":17},"end":{"line":58,"column":3}},"locations":[{"start":{"line":55,"column":17},"end":{"line":58,"column":3}}]},"16":{"type":"branch","line":59,"loc":{"start":{"line":59,"column":-1},"end":{"line":60,"column":20}},"locations":[{"start":{"line":59,"column":-1},"end":{"line":60,"column":20}}]},"17":{"type":"branch","line":60,"loc":{"start":{"line":60,"column":20},"end":{"line":63,"column":3}},"locations":[{"start":{"line":60,"column":20},"end":{"line":63,"column":3}}]},"18":{"type":"branch","line":63,"loc":{"start":{"line":63,"column":3},"end":{"line":67,"column":13}},"locations":[{"start":{"line":63,"column":3},"end":{"line":67,"column":13}}]},"19":{"type":"branch","line":67,"loc":{"start":{"line":67,"column":13},"end":{"line":70,"column":3}},"locations":[{"start":{"line":67,"column":13},"end":{"line":70,"column":3}}]},"20":{"type":"branch","line":71,"loc":{"start":{"line":71,"column":-1},"end":{"line":71,"column":18}},"locations":[{"start":{"line":71,"column":-1},"end":{"line":71,"column":18}}]},"21":{"type":"branch","line":71,"loc":{"start":{"line":71,"column":18},"end":{"line":74,"column":3}},"locations":[{"start":{"line":71,"column":18},"end":{"line":74,"column":3}}]},"22":{"type":"branch","line":75,"loc":{"start":{"line":75,"column":-1},"end":{"line":83,"column":3}},"locations":[{"start":{"line":75,"column":-1},"end":{"line":83,"column":3}}]},"23":{"type":"branch","line":78,"loc":{"start":{"line":78,"column":25},"end":{"line":78,"column":45}},"locations":[{"start":{"line":78,"column":25},"end":{"line":78,"column":45}}]},"24":{"type":"branch","line":78,"loc":{"start":{"line":78,"column":47},"end":{"line":81,"column":5}},"locations":[{"start":{"line":78,"column":47},"end":{"line":81,"column":5}}]},"25":{"type":"branch","line":82,"loc":{"start":{"line":82,"column":-1},"end":{"line":83,"column":3}},"locations":[{"start":{"line":82,"column":-1},"end":{"line":83,"column":3}}]},"26":{"type":"branch","line":84,"loc":{"start":{"line":84,"column":-1},"end":{"line":91,"column":3}},"locations":[{"start":{"line":84,"column":-1},"end":{"line":91,"column":3}}]},"27":{"type":"branch","line":86,"loc":{"start":{"line":86,"column":32},"end":{"line":86,"column":59}},"locations":[{"start":{"line":86,"column":32},"end":{"line":86,"column":59}}]},"28":{"type":"branch","line":86,"loc":{"start":{"line":86,"column":61},"end":{"line":89,"column":5}},"locations":[{"start":{"line":86,"column":61},"end":{"line":89,"column":5}}]},"29":{"type":"branch","line":90,"loc":{"start":{"line":90,"column":-1},"end":{"line":91,"column":3}},"locations":[{"start":{"line":90,"column":-1},"end":{"line":91,"column":3}}]},"30":{"type":"branch","line":92,"loc":{"start":{"line":92,"column":-1},"end":{"line":93,"column":33}},"locations":[{"start":{"line":92,"column":-1},"end":{"line":93,"column":33}}]},"31":{"type":"branch","line":93,"loc":{"start":{"line":93,"column":33},"end":{"line":99,"column":3}},"locations":[{"start":{"line":93,"column":33},"end":{"line":99,"column":3}}]},"32":{"type":"branch","line":94,"loc":{"start":{"line":94,"column":41},"end":{"line":97,"column":5}},"locations":[{"start":{"line":94,"column":41},"end":{"line":97,"column":5}}]},"33":{"type":"branch","line":98,"loc":{"start":{"line":98,"column":-1},"end":{"line":99,"column":3}},"locations":[{"start":{"line":98,"column":-1},"end":{"line":99,"column":3}}]},"34":{"type":"branch","line":100,"loc":{"start":{"line":100,"column":-1},"end":{"line":102,"column":25}},"locations":[{"start":{"line":100,"column":-1},"end":{"line":102,"column":25}}]},"35":{"type":"branch","line":102,"loc":{"start":{"line":102,"column":25},"end":{"line":105,"column":3}},"locations":[{"start":{"line":102,"column":25},"end":{"line":105,"column":3}}]},"36":{"type":"branch","line":106,"loc":{"start":{"line":106,"column":-1},"end":{"line":110,"column":0}},"locations":[{"start":{"line":106,"column":-1},"end":{"line":110,"column":0}}]},"37":{"type":"branch","line":112,"loc":{"start":{"line":112,"column":7},"end":{"line":149,"column":1}},"locations":[{"start":{"line":112,"column":7},"end":{"line":149,"column":1}}]},"38":{"type":"branch","line":113,"loc":{"start":{"line":113,"column":17},"end":{"line":116,"column":3}},"locations":[{"start":{"line":113,"column":17},"end":{"line":116,"column":3}}]},"39":{"type":"branch","line":117,"loc":{"start":{"line":117,"column":-1},"end":{"line":119,"column":13}},"locations":[{"start":{"line":117,"column":-1},"end":{"line":119,"column":13}}]},"40":{"type":"branch","line":119,"loc":{"start":{"line":119,"column":13},"end":{"line":125,"column":3}},"locations":[{"start":{"line":119,"column":13},"end":{"line":125,"column":3}}]},"41":{"type":"branch","line":121,"loc":{"start":{"line":121,"column":25},"end":{"line":121,"column":45}},"locations":[{"start":{"line":121,"column":25},"end":{"line":121,"column":45}}]},"42":{"type":"branch","line":121,"loc":{"start":{"line":121,"column":47},"end":{"line":124,"column":5}},"locations":[{"start":{"line":121,"column":47},"end":{"line":124,"column":5}}]},"43":{"type":"branch","line":125,"loc":{"start":{"line":125,"column":3},"end":{"line":128,"column":3}},"locations":[{"start":{"line":125,"column":3},"end":{"line":128,"column":3}}]},"44":{"type":"branch","line":129,"loc":{"start":{"line":129,"column":-1},"end":{"line":130,"column":19}},"locations":[{"start":{"line":129,"column":-1},"end":{"line":130,"column":19}}]},"45":{"type":"branch","line":130,"loc":{"start":{"line":130,"column":19},"end":{"line":136,"column":3}},"locations":[{"start":{"line":130,"column":19},"end":{"line":136,"column":3}}]},"46":{"type":"branch","line":132,"loc":{"start":{"line":132,"column":32},"end":{"line":132,"column":59}},"locations":[{"start":{"line":132,"column":32},"end":{"line":132,"column":59}}]},"47":{"type":"branch","line":132,"loc":{"start":{"line":132,"column":61},"end":{"line":135,"column":5}},"locations":[{"start":{"line":132,"column":61},"end":{"line":135,"column":5}}]},"48":{"type":"branch","line":136,"loc":{"start":{"line":136,"column":3},"end":{"line":139,"column":3}},"locations":[{"start":{"line":136,"column":3},"end":{"line":139,"column":3}}]},"49":{"type":"branch","line":140,"loc":{"start":{"line":140,"column":-1},"end":{"line":141,"column":18}},"locations":[{"start":{"line":140,"column":-1},"end":{"line":141,"column":18}}]},"50":{"type":"branch","line":141,"loc":{"start":{"line":141,"column":18},"end":{"line":144,"column":3}},"locations":[{"start":{"line":141,"column":18},"end":{"line":144,"column":3}}]},"51":{"type":"branch","line":145,"loc":{"start":{"line":145,"column":-1},"end":{"line":149,"column":0}},"locations":[{"start":{"line":145,"column":-1},"end":{"line":149,"column":0}}]}},"b":{"0":[1],"1":[2],"2":[0],"3":[4],"4":[2],"5":[1],"6":[0],"7":[1],"8":[5],"9":[3],"10":[2],"11":[1],"12":[0],"13":[1],"14":[11],"15":[1],"16":[10],"17":[1],"18":[9],"19":[1],"20":[8],"21":[0],"22":[8],"23":[7],"24":[2],"25":[6],"26":[6],"27":[5],"28":[2],"29":[4],"30":[4],"31":[3],"32":[2],"33":[1],"34":[2],"35":[0],"36":[2],"37":[9],"38":[1],"39":[8],"40":[7],"41":[6],"42":[2],"43":[1],"44":[5],"45":[4],"46":[3],"47":[2],"48":[1],"49":[2],"50":[0],"51":[2]},"fnMap":{"0":{"name":"listTodos","decl":{"start":{"line":6,"column":7},"end":{"line":13,"column":1}},"loc":{"start":{"line":6,"column":7},"end":{"line":13,"column":1}},"line":6},"1":{"name":"getTodo","decl":{"start":{"line":15,"column":7},"end":{"line":31,"column":1}},"loc":{"start":{"line":15,"column":7},"end":{"line":31,"column":1}},"line":15},"2":{"name":"deleteTodo","decl":{"start":{"line":33,"column":7},"end":{"line":52,"column":1}},"loc":{"start":{"line":33,"column":7},"end":{"line":52,"column":1}},"line":33},"3":{"name":"updateTodo","decl":{"start":{"line":54,"column":7},"end":{"line":110,"column":1}},"loc":{"start":{"line":54,"column":7},"end":{"line":110,"column":1}},"line":54},"4":{"name":"createTodo","decl":{"start":{"line":112,"column":7},"end":{"line":149,"column":1}},"loc":{"start":{"line":112,"column":7},"end":{"line":149,"column":1}},"line":112}},"f":{"0":2,"1":4,"2":5,"3":11,"4":9}}
,"/home/ceifeirocv/chuva/to_do_api/models/Todos.js": {"path":"/home/ceifeirocv/chuva/to_do_api/models/Todos.js","all":false,"statementMap":{"0":{"start":{"line":1,"column":0},"end":{"line":1,"column":38}},"1":{"start":{"line":2,"column":0},"end":{"line":2,"column":0}},"2":{"start":{"line":3,"column":0},"end":{"line":3,"column":41}},"3":{"start":{"line":4,"column":0},"end":{"line":4,"column":32}},"4":{"start":{"line":5,"column":0},"end":{"line":5,"column":12}},"5":{"start":{"line":6,"column":0},"end":{"line":6,"column":5}},"6":{"start":{"line":7,"column":0},"end":{"line":7,"column":17}},"7":{"start":{"line":8,"column":0},"end":{"line":8,"column":0}},"8":{"start":{"line":9,"column":0},"end":{"line":9,"column":12}},"9":{"start":{"line":10,"column":0},"end":{"line":10,"column":25}},"10":{"start":{"line":11,"column":0},"end":{"line":11,"column":8}},"11":{"start":{"line":12,"column":0},"end":{"line":12,"column":58}},"12":{"start":{"line":13,"column":0},"end":{"line":13,"column":24}},"13":{"start":{"line":14,"column":0},"end":{"line":14,"column":18}},"14":{"start":{"line":15,"column":0},"end":{"line":15,"column":32}},"15":{"start":{"line":16,"column":0},"end":{"line":16,"column":30}},"16":{"start":{"line":17,"column":0},"end":{"line":17,"column":6}},"17":{"start":{"line":18,"column":0},"end":{"line":18,"column":4}},"18":{"start":{"line":19,"column":0},"end":{"line":19,"column":2}},"19":{"start":{"line":20,"column":0},"end":{"line":20,"column":27}},"20":{"start":{"line":21,"column":0},"end":{"line":21,"column":8}},"21":{"start":{"line":22,"column":0},"end":{"line":22,"column":77}},"22":{"start":{"line":23,"column":0},"end":{"line":23,"column":26}},"23":{"start":{"line":24,"column":0},"end":{"line":24,"column":19}},"24":{"start":{"line":25,"column":0},"end":{"line":25,"column":25}},"25":{"start":{"line":26,"column":0},"end":{"line":26,"column":29}},"26":{"start":{"line":27,"column":0},"end":{"line":27,"column":6}},"27":{"start":{"line":28,"column":0},"end":{"line":28,"column":4}},"28":{"start":{"line":29,"column":0},"end":{"line":29,"column":0}},"29":{"start":{"line":30,"column":0},"end":{"line":30,"column":43}},"30":{"start":{"line":31,"column":0},"end":{"line":31,"column":8}},"31":{"start":{"line":32,"column":0},"end":{"line":32,"column":123}},"32":{"start":{"line":33,"column":0},"end":{"line":33,"column":26}},"33":{"start":{"line":34,"column":0},"end":{"line":34,"column":19}},"34":{"start":{"line":35,"column":0},"end":{"line":35,"column":25}},"35":{"start":{"line":36,"column":0},"end":{"line":36,"column":28}},"36":{"start":{"line":37,"column":0},"end":{"line":37,"column":6}},"37":{"start":{"line":38,"column":0},"end":{"line":38,"column":3}},"38":{"start":{"line":39,"column":0},"end":{"line":39,"column":0}},"39":{"start":{"line":40,"column":0},"end":{"line":40,"column":26}},"40":{"start":{"line":41,"column":0},"end":{"line":41,"column":8}},"41":{"start":{"line":42,"column":0},"end":{"line":42,"column":86}},"42":{"start":{"line":43,"column":0},"end":{"line":43,"column":26}},"43":{"start":{"line":44,"column":0},"end":{"line":44,"column":19}},"44":{"start":{"line":45,"column":0},"end":{"line":45,"column":25}},"45":{"start":{"line":46,"column":0},"end":{"line":46,"column":28}},"46":{"start":{"line":47,"column":0},"end":{"line":47,"column":6}},"47":{"start":{"line":48,"column":0},"end":{"line":48,"column":0}},"48":{"start":{"line":49,"column":0},"end":{"line":49,"column":3}},"49":{"start":{"line":50,"column":0},"end":{"line":50,"column":0}},"50":{"start":{"line":51,"column":0},"end":{"line":51,"column":32}},"51":{"start":{"line":52,"column":0},"end":{"line":52,"column":51}},"52":{"start":{"line":53,"column":0},"end":{"line":53,"column":8}},"53":{"start":{"line":54,"column":0},"end":{"line":54,"column":172}},"54":{"start":{"line":55,"column":0},"end":{"line":55,"column":33}},"55":{"start":{"line":56,"column":0},"end":{"line":56,"column":19}},"56":{"start":{"line":57,"column":0},"end":{"line":57,"column":25}},"57":{"start":{"line":58,"column":0},"end":{"line":58,"column":28}},"58":{"start":{"line":59,"column":0},"end":{"line":59,"column":6}},"59":{"start":{"line":60,"column":0},"end":{"line":60,"column":3}},"60":{"start":{"line":61,"column":0},"end":{"line":61,"column":1}},"61":{"start":{"line":62,"column":0},"end":{"line":62,"column":0}},"62":{"start":{"line":63,"column":0},"end":{"line":63,"column":19}}},"s":{"0":2,"1":2,"2":2,"3":2,"4":2,"5":2,"6":2,"7":2,"8":2,"9":2,"10":3,"11":3,"12":3,"13":3,"14":0,"15":0,"16":3,"17":2,"18":2,"19":2,"20":11,"21":11,"22":11,"23":11,"24":0,"25":0,"26":11,"27":2,"28":2,"29":2,"30":2,"31":2,"32":2,"33":2,"34":0,"35":0,"36":2,"37":2,"38":2,"39":2,"40":2,"41":2,"42":2,"43":2,"44":0,"45":0,"46":2,"47":2,"48":2,"49":2,"50":2,"51":2,"52":2,"53":2,"54":2,"55":2,"56":0,"57":0,"58":2,"59":2,"60":2,"61":2,"62":2},"branchMap":{"0":{"type":"branch","line":1,"loc":{"start":{"line":1,"column":0},"end":{"line":63,"column":19}},"locations":[{"start":{"line":1,"column":0},"end":{"line":63,"column":19}}]},"1":{"type":"branch","line":10,"loc":{"start":{"line":10,"column":9},"end":{"line":18,"column":3}},"locations":[{"start":{"line":10,"column":9},"end":{"line":18,"column":3}}]},"2":{"type":"branch","line":14,"loc":{"start":{"line":14,"column":5},"end":{"line":17,"column":5}},"locations":[{"start":{"line":14,"column":5},"end":{"line":17,"column":5}}]},"3":{"type":"branch","line":20,"loc":{"start":{"line":20,"column":9},"end":{"line":28,"column":3}},"locations":[{"start":{"line":20,"column":9},"end":{"line":28,"column":3}}]},"4":{"type":"branch","line":24,"loc":{"start":{"line":24,"column":5},"end":{"line":27,"column":5}},"locations":[{"start":{"line":24,"column":5},"end":{"line":27,"column":5}}]},"5":{"type":"branch","line":30,"loc":{"start":{"line":30,"column":9},"end":{"line":38,"column":3}},"locations":[{"start":{"line":30,"column":9},"end":{"line":38,"column":3}}]},"6":{"type":"branch","line":34,"loc":{"start":{"line":34,"column":5},"end":{"line":37,"column":5}},"locations":[{"start":{"line":34,"column":5},"end":{"line":37,"column":5}}]},"7":{"type":"branch","line":40,"loc":{"start":{"line":40,"column":9},"end":{"line":49,"column":3}},"locations":[{"start":{"line":40,"column":9},"end":{"line":49,"column":3}}]},"8":{"type":"branch","line":44,"loc":{"start":{"line":44,"column":5},"end":{"line":47,"column":5}},"locations":[{"start":{"line":44,"column":5},"end":{"line":47,"column":5}}]},"9":{"type":"branch","line":51,"loc":{"start":{"line":51,"column":9},"end":{"line":60,"column":3}},"locations":[{"start":{"line":51,"column":9},"end":{"line":60,"column":3}}]},"10":{"type":"branch","line":56,"loc":{"start":{"line":56,"column":5},"end":{"line":59,"column":5}},"locations":[{"start":{"line":56,"column":5},"end":{"line":59,"column":5}}]}},"b":{"0":[2],"1":[3],"2":[0],"3":[11],"4":[0],"5":[2],"6":[0],"7":[2],"8":[0],"9":[2],"10":[0]},"fnMap":{"0":{"name":"getAll","decl":{"start":{"line":10,"column":9},"end":{"line":18,"column":3}},"loc":{"start":{"line":10,"column":9},"end":{"line":18,"column":3}},"line":10},"1":{"name":"getOne","decl":{"start":{"line":20,"column":9},"end":{"line":28,"column":3}},"loc":{"start":{"line":20,"column":9},"end":{"line":28,"column":3}},"line":20},"2":{"name":"create","decl":{"start":{"line":30,"column":9},"end":{"line":38,"column":3}},"loc":{"start":{"line":30,"column":9},"end":{"line":38,"column":3}},"line":30},"3":{"name":"delete","decl":{"start":{"line":40,"column":9},"end":{"line":49,"column":3}},"loc":{"start":{"line":40,"column":9},"end":{"line":49,"column":3}},"line":40},"4":{"name":"update","decl":{"start":{"line":51,"column":9},"end":{"line":60,"column":3}},"loc":{"start":{"line":51,"column":9},"end":{"line":60,"column":3}},"line":51}},"f":{"0":3,"1":11,"2":2,"3":2,"4":2}}
}
