TN:
SF:config/database.js
FNF:0
FNH:0
DA:1,2
DA:2,2
DA:3,2
DA:4,2
DA:5,2
DA:6,2
DA:7,2
DA:8,2
DA:9,2
DA:10,2
DA:11,2
DA:12,2
DA:13,2
LF:13
LH:13
BRDA:1,0,0,2
BRF:1
BRH:1
end_of_record
TN:
SF:models/Todos.js
FN:10,getAll
FN:20,getOne
FN:30,create
FN:40,delete
FN:51,update
FNF:5
FNH:5
FNDA:3,getAll
FNDA:11,getOne
FNDA:2,create
FNDA:2,delete
FNDA:2,update
DA:1,2
DA:2,2
DA:3,2
DA:4,2
DA:5,2
DA:6,2
DA:7,2
DA:8,2
DA:9,2
DA:10,2
DA:11,3
DA:12,3
DA:13,3
DA:14,3
DA:15,0
DA:16,0
DA:17,3
DA:18,2
DA:19,2
DA:20,2
DA:21,11
DA:22,11
DA:23,11
DA:24,11
DA:25,0
DA:26,0
DA:27,11
DA:28,2
DA:29,2
DA:30,2
DA:31,2
DA:32,2
DA:33,2
DA:34,2
DA:35,0
DA:36,0
DA:37,2
DA:38,2
DA:39,2
DA:40,2
DA:41,2
DA:42,2
DA:43,2
DA:44,2
DA:45,0
DA:46,0
DA:47,2
DA:48,2
DA:49,2
DA:50,2
DA:51,2
DA:52,2
DA:53,2
DA:54,2
DA:55,2
DA:56,2
DA:57,0
DA:58,0
DA:59,2
DA:60,2
DA:61,2
DA:62,2
DA:63,2
LF:63
LH:53
BRDA:1,0,0,2
BRDA:10,1,0,3
BRDA:14,2,0,0
BRDA:20,3,0,11
BRDA:24,4,0,0
BRDA:30,5,0,2
BRDA:34,6,0,0
BRDA:40,7,0,2
BRDA:44,8,0,0
BRDA:51,9,0,2
BRDA:56,10,0,0
BRF:11
BRH:6
end_of_record
