TN:
SF:config/database.js
FNF:0
FNH:0
DA:1,2
DA:2,2
DA:3,2
DA:4,2
DA:5,2
DA:6,2
DA:7,2
DA:8,2
DA:9,2
DA:10,2
DA:11,2
DA:12,2
DA:13,2
LF:13
LH:13
BRDA:1,0,0,2
BRF:1
BRH:1
end_of_record
TN:
SF:controllers/TodoController.js
FN:6,listTodos
FN:15,getTodo
FN:33,deleteTodo
FN:54,updateTodo
FN:112,createTodo
FNF:5
FNH:5
FNDA:2,listTodos
FNDA:4,getTodo
FNDA:5,deleteTodo
FNDA:11,updateTodo
FNDA:9,createTodo
DA:1,1
DA:2,1
DA:3,1
DA:4,1
DA:5,1
DA:6,1
DA:7,2
DA:8,2
DA:9,0
DA:10,0
DA:11,0
DA:12,2
DA:13,2
DA:14,1
DA:15,1
DA:16,4
DA:17,4
DA:18,2
DA:19,2
DA:20,2
DA:21,2
DA:22,4
DA:23,1
DA:24,1
DA:25,1
DA:26,4
DA:27,0
DA:28,0
DA:29,0
DA:30,1
DA:31,4
DA:32,1
DA:33,1
DA:34,5
DA:35,5
DA:36,3
DA:37,3
DA:38,5
DA:39,2
DA:40,5
DA:41,1
DA:42,1
DA:43,1
DA:44,5
DA:45,0
DA:46,0
DA:47,0
DA:48,1
DA:49,1
DA:50,1
DA:51,1
DA:52,5
DA:53,1
DA:54,1
DA:55,11
DA:56,1
DA:57,1
DA:58,1
DA:59,10
DA:60,11
DA:61,1
DA:62,1
DA:63,11
DA:64,9
DA:65,9
DA:66,9
DA:67,11
DA:68,1
DA:69,1
DA:70,1
DA:71,11
DA:72,0
DA:73,0
DA:74,0
DA:75,8
DA:76,8
DA:77,8
DA:78,8
DA:79,2
DA:80,2
DA:81,2
DA:82,6
DA:83,6
DA:84,6
DA:85,6
DA:86,6
DA:87,2
DA:88,2
DA:89,2
DA:90,4
DA:91,4
DA:92,4
DA:93,11
DA:94,3
DA:95,2
DA:96,2
DA:97,2
DA:98,1
DA:99,1
DA:100,2
DA:101,2
DA:102,11
DA:103,0
DA:104,0
DA:105,0
DA:106,2
DA:107,2
DA:108,2
DA:109,2
DA:110,11
DA:111,1
DA:112,1
DA:113,9
DA:114,1
DA:115,1
DA:116,1
DA:117,8
DA:118,8
DA:119,9
DA:120,7
DA:121,7
DA:122,2
DA:123,2
DA:124,2
DA:125,9
DA:126,1
DA:127,1
DA:128,1
DA:129,5
DA:130,9
DA:131,4
DA:132,4
DA:133,2
DA:134,2
DA:135,2
DA:136,9
DA:137,1
DA:138,1
DA:139,1
DA:140,2
DA:141,9
DA:142,0
DA:143,0
DA:144,0
DA:145,2
DA:146,2
DA:147,2
DA:148,2
DA:149,9
LF:149
LH:131
BRDA:1,0,0,1
BRDA:6,1,0,2
BRDA:8,2,0,0
BRDA:15,3,0,4
BRDA:17,4,0,2
BRDA:22,5,0,1
BRDA:26,6,0,0
BRDA:30,7,0,1
BRDA:33,8,0,5
BRDA:35,9,0,3
BRDA:38,10,0,2
BRDA:40,11,0,1
BRDA:44,12,0,0
BRDA:48,13,0,1
BRDA:54,14,0,11
BRDA:55,15,0,1
BRDA:59,16,0,10
BRDA:60,17,0,1
BRDA:63,18,0,9
BRDA:67,19,0,1
BRDA:71,20,0,8
BRDA:71,21,0,0
BRDA:75,22,0,8
BRDA:78,23,0,7
BRDA:78,24,0,2
BRDA:82,25,0,6
BRDA:84,26,0,6
BRDA:86,27,0,5
BRDA:86,28,0,2
BRDA:90,29,0,4
BRDA:92,30,0,4
BRDA:93,31,0,3
BRDA:94,32,0,2
BRDA:98,33,0,1
BRDA:100,34,0,2
BRDA:102,35,0,0
BRDA:106,36,0,2
BRDA:112,37,0,9
BRDA:113,38,0,1
BRDA:117,39,0,8
BRDA:119,40,0,7
BRDA:121,41,0,6
BRDA:121,42,0,2
BRDA:125,43,0,1
BRDA:129,44,0,5
BRDA:130,45,0,4
BRDA:132,46,0,3
BRDA:132,47,0,2
BRDA:136,48,0,1
BRDA:140,49,0,2
BRDA:141,50,0,0
BRDA:145,51,0,2
BRF:52
BRH:46
end_of_record
TN:
SF:models/Todos.js
FN:10,getAll
FN:20,getOne
FN:30,create
FN:40,delete
FN:51,update
FNF:5
FNH:5
FNDA:3,getAll
FNDA:11,getOne
FNDA:2,create
FNDA:2,delete
FNDA:2,update
DA:1,2
DA:2,2
DA:3,2
DA:4,2
DA:5,2
DA:6,2
DA:7,2
DA:8,2
DA:9,2
DA:10,2
DA:11,3
DA:12,3
DA:13,3
DA:14,3
DA:15,0
DA:16,0
DA:17,3
DA:18,2
DA:19,2
DA:20,2
DA:21,11
DA:22,11
DA:23,11
DA:24,11
DA:25,0
DA:26,0
DA:27,11
DA:28,2
DA:29,2
DA:30,2
DA:31,2
DA:32,2
DA:33,2
DA:34,2
DA:35,0
DA:36,0
DA:37,2
DA:38,2
DA:39,2
DA:40,2
DA:41,2
DA:42,2
DA:43,2
DA:44,2
DA:45,0
DA:46,0
DA:47,2
DA:48,2
DA:49,2
DA:50,2
DA:51,2
DA:52,2
DA:53,2
DA:54,2
DA:55,2
DA:56,2
DA:57,0
DA:58,0
DA:59,2
DA:60,2
DA:61,2
DA:62,2
DA:63,2
LF:63
LH:53
BRDA:1,0,0,2
BRDA:10,1,0,3
BRDA:14,2,0,0
BRDA:20,3,0,11
BRDA:24,4,0,0
BRDA:30,5,0,2
BRDA:34,6,0,0
BRDA:40,7,0,2
BRDA:44,8,0,0
BRDA:51,9,0,2
BRDA:56,10,0,0
BRF:11
BRH:6
end_of_record
